<?xml version="1.0" encoding="UTF-8"?>
<!-- Generated by org.testng.reporters.JUnitReportReporter -->
<testsuite skipped="0" hostname="ATMECSINLT-085" name="com.atmecs.complexautomation.testscripts.TestVerifyKonakart" tests="1" failures="0" timestamp="21 Oct 2019 15:22:26 GMT" time="14.978" errors="0">
  <testcase name="verifyKonaKart" time="14.978" classname="com.atmecs.complexautomation.testscripts.TestVerifyKonakart"/>
</testsuite> <!-- com.atmecs.complexautomation.testscripts.TestVerifyKonakart -->
