<?xml version="1.0" encoding="UTF-8"?>
<!-- Generated by org.testng.reporters.JUnitReportReporter -->
<testsuite skipped="0" hostname="ATMECSINLT-085" name="com.atmecs.complexautomation.testscripts.RunTestNG$UpdateXml" tests="1" failures="0" timestamp="21 Oct 2019 15:20:55 GMT" time="34.311" errors="0">
  <testcase name="runTestFile" time="34.311" classname="com.atmecs.complexautomation.testscripts.RunTestNG$UpdateXml"/>
</testsuite> <!-- com.atmecs.complexautomation.testscripts.RunTestNG$UpdateXml -->
