<?xml version="1.0" encoding="UTF-8"?>
<!-- Generated by org.testng.reporters.JUnitReportReporter -->
<testsuite skipped="0" hostname="ATMECSINLT-085" name="com.atmecs.complexautomation.testscripts.RunTestNG" tests="1" failures="0" timestamp="21 Oct 2019 15:22:26 GMT" time="29.945" errors="0">
  <testcase name="runTestFile" time="29.945" classname="com.atmecs.complexautomation.testscripts.RunTestNG"/>
</testsuite> <!-- com.atmecs.complexautomation.testscripts.RunTestNG -->
